<?xml version="1.0" encoding="UTF-8"?>
<testsuite name="Login in MetLife page for execute all process" tests="1" skipped="0" failures="0" errors="0" timestamp="2019-03-01T20:39:40" hostname="QV-2378" time="68.633">
  <properties/>
  <testcase name="Login in MetLife webpage" classname="Login in MetLife page for execute all process" time="68.633"/>
  <system-out><![CDATA[










]]></system-out>
  <system-err><![CDATA[mar 01, 2019 3:39:42 PM org.openqa.selenium.remote.DesiredCapabilities chrome
INFORMACIÓN: Using `new ChromeOptions()` is preferred to `DesiredCapabilities.chrome()`
Starting ChromeDriver 2.42.591088 (7b2b2dca23cca0862f674758c9a3933e685c27d5) on port 36308
Only local connections are allowed.
mar 01, 2019 3:39:47 PM org.openqa.selenium.remote.ProtocolHandshake createSession
INFORMACIÓN: Detected dialect: OSS
[Test worker] INFO net.thucydides.core.steps.ConsoleLoggingListener - 
        __    _____ _____ ____ _____   ____   _    ____  ____  _____ ____  
  _     \ \  |_   _| ____/ ___|_   _| |  _ \ / \  / ___|/ ___|| ____|  _ \ 
 (_)_____| |   | | |  _| \___ \ | |   | |_) / _ \ \___ \\___ \|  _| | | | |
  _|_____| |   | | | |___ ___) || |   |  __/ ___ \ ___) |___) | |___| |_| |
 (_)     | |   |_| |_____|____/ |_|   |_| /_/   \_\____/|____/|_____|____/ 
        /_/                                                                

TEST PASSED: Login in MetLife webpage
----------------------------------------------------------------------------
]]></system-err>
</testsuite>
